<?xml version="1.0" encoding="UTF-8"?>
<!-- Generated by org.testng.reporters.JUnitReportReporter -->
<testsuite hostname="DESKTOP-GFC7GNG" failures="0" tests="7" name="LoginFunctionality.VerifyLoginFunctionality" time="55.370" errors="0" timestamp="2022-02-07T23:26:48 GMT-09:00" skipped="5">
  <testcase classname="LoginFunctionality.VerifyLoginFunctionality" name="verifyLogin" time="0.016">
    <skipped/>
  </testcase> <!-- verifyLogin -->
  <testcase classname="LoginFunctionality.VerifyLoginFunctionality" name="verifyLogin" time="0.003">
    <skipped/>
  </testcase> <!-- verifyLogin -->
  <testcase classname="LoginFunctionality.VerifyLoginFunctionality" name="verifyLogin" time="36.035"/>
  <testcase classname="LoginFunctionality.VerifyLoginFunctionality" name="verifyLogin" time="19.017"/>
  <testcase classname="LoginFunctionality.VerifyLoginFunctionality" name="verifyLogin" time="0.005">
    <skipped/>
  </testcase> <!-- verifyLogin -->
  <testcase classname="LoginFunctionality.VerifyLoginFunctionality" name="verifyLogin" time="0.005">
    <skipped/>
  </testcase> <!-- verifyLogin -->
  <testcase classname="LoginFunctionality.VerifyLoginFunctionality" name="verifyLogin" time="0.289">
    <skipped/>
  </testcase> <!-- verifyLogin -->
</testsuite> <!-- LoginFunctionality.VerifyLoginFunctionality -->
